[2025-02-06 14:33:05] INFO - Home page accessed - IP: 127.0.0.1
[2025-02-06 14:33:05] INFO - WSGIRequest.home_view took 16.20ms to execute
[2025-02-06 14:35:47] INFO - Blood bag creation attempt - Data: {'blood_group': 'O+', 'volume_ml': 500.0, 'collection_date': '2023-10-01', 'expiration_date': '2023-12-01', 'barcode': '1234567815', 'donor_email': 'demo1@donor.com', 'blood_bank_email': 'dhyey@gmail.com'}
[2025-02-06 14:35:47] ERROR - Blood bag creation failed - Error: BloodBankProfile matching query does not exist.
[2025-02-06 14:35:47] INFO - BloodBagCreateAPIView.create took 6.01ms to execute
[2025-02-06 14:39:14] INFO - Blood bag creation attempt - Data: {'blood_group': 'O+', 'volume_ml': 500.0, 'collection_date': '2023-10-01', 'expiration_date': '2023-12-01', 'barcode': '1234567815', 'donor_email': 'donor1@mail.com', 'blood_bank_email': 'hospital1@mail.com'}
[2025-02-06 14:39:14] INFO - Blood bag created successfully - ID: 1
[2025-02-06 14:39:14] INFO - Stock transaction created - ID: 1, Type: COLLECTION
[2025-02-06 14:39:14] INFO - BloodBagCreateAPIView.create took 15.35ms to execute
[2025-02-06 14:39:47] INFO - Blood request creation attempt - Data: {'consumer_email': 'consumer2@mail.com', 'blood_bank_email': 'hospital6@mail.com', 'blood_group': 'A+', 'units_required': 1, 'priority': 'URGENT', 'patient_name': 'Dev Patel', 'patient_age': 21, 'patient_gender': 'Male', 'diagnosis': 'Surgery', 'hospital_name': 'City Hospital', 'required_date': '2024-02-01', 'notes': 'Emergency surgery scheduled'}
[2025-02-06 14:39:47] INFO - Blood request created successfully - ID: 3
[2025-02-06 14:39:47] INFO - BloodRequestCreateView.create took 10.00ms to execute
[2025-02-06 14:40:00] INFO - Fetching blood banks for blood group: A+
[2025-02-06 14:40:00] INFO - Found 0 blood banks with A+ blood group available
[2025-02-06 14:40:00] INFO - Successfully retrieved details for 0 blood banks
[2025-02-06 14:40:00] INFO - BloodBanksByBloodGroupView.get took 2.01ms to execute
[2025-02-06 14:40:06] INFO - Fetching blood banks for blood group: O+
[2025-02-06 14:40:06] INFO - Found 0 blood banks with O+ blood group available
[2025-02-06 14:40:06] INFO - Successfully retrieved details for 0 blood banks
[2025-02-06 14:40:06] INFO - BloodBanksByBloodGroupView.get took 2.00ms to execute
[2025-02-06 14:40:15] INFO - Fetching blood banks for blood group: O+
[2025-02-06 14:40:15] INFO - Found 0 blood banks with O+ blood group available
[2025-02-06 14:40:15] INFO - Successfully retrieved details for 0 blood banks
[2025-02-06 14:40:15] INFO - BloodBanksByBloodGroupView.get took 2.00ms to execute
[2025-02-06 14:40:32] INFO - Fetching blood banks for blood group: O+
[2025-02-06 14:40:32] INFO - Found 1 blood banks with O+ blood group available
[2025-02-06 14:40:32] INFO - Successfully retrieved details for 1 blood banks
[2025-02-06 14:40:32] INFO - BloodBanksByBloodGroupView.get took 3.00ms to execute
[2025-02-06 14:48:54] INFO - Blood request creation attempt - Data: {'consumer_email': 'consumer2@mail.com', 'blood_bank_email': 'hospital6@mail.com', 'blood_group': 'A+', 'units_required': 1, 'priority': 'URGENT', 'patient_name': 'Dev Patel', 'patient_age': 21, 'patient_gender': 'Male', 'diagnosis': 'Surgery', 'hospital_name': 'City Hospital', 'required_date': '2024-02-01', 'notes': 'Emergency surgery scheduled'}
[2025-02-06 14:48:54] INFO - Blood request created successfully - ID: 4
[2025-02-06 14:48:54] INFO - BloodRequestCreateView.create took 9.98ms to execute
[2025-02-06 14:49:07] INFO - Blood request creation attempt - Data: {'consumer_email': 'consumer2@mail.com', 'blood_bank_email': 'hospital6@mail.com', 'blood_group': 'A+', 'units_required': 1, 'priority': 'URGENT', 'patient_name': 'Dev Patel', 'patient_age': 21, 'patient_gender': 'Male', 'hospital_name': 'City Hospital', 'required_date': '2024-02-01', 'notes': 'Emergency surgery scheduled'}
[2025-02-06 14:49:07] INFO - Blood request created successfully - ID: 5
[2025-02-06 14:49:07] INFO - BloodRequestCreateView.create took 8.92ms to execute
[2025-02-06 15:21:02] INFO - Blood bag creation attempt - Data: {'blood_group': 'O+', 'volume_ml': 500.0, 'collection_date': '2023-10-01', 'expiration_date': '2023-12-01', 'barcode': '1234567812', 'donor_email': 'donor1@mail.com', 'blood_bank_email': 'hospital2@mail.com'}
[2025-02-06 15:21:02] ERROR - Blood bag creation validation failed - Errors: {'blood_bank_email': [ErrorDetail(string='Blood bank is not verified. Current status: REJECTED', code='invalid')]}
[2025-02-06 15:21:02] INFO - BloodBagCreateAPIView.create took 4.54ms to execute
[2025-02-06 15:21:15] INFO - Blood bag creation attempt - Data: {'blood_group': 'O+', 'volume_ml': 500.0, 'collection_date': '2023-10-01', 'expiration_date': '2023-12-01', 'barcode': '1234567812', 'donor_email': 'donor1@mail.com', 'blood_bank_email': 'hospital1@mail.com'}
[2025-02-06 15:21:16] INFO - Blood bag created successfully - ID: 2
[2025-02-06 15:21:16] INFO - Stock transaction created - ID: 2, Type: COLLECTION
[2025-02-06 15:21:16] INFO - BloodBagCreateAPIView.create took 12.17ms to execute
[2025-02-06 15:48:45] INFO - Blood bag creation attempt - Data: {'blood_group': 'O+', 'volume_ml': 500.0, 'collection_date': '2023-10-01', 'expiration_date': '2023-12-01', 'barcode': '1234567812', 'donor_email': 'donor1@mail.com', 'blood_bank_email': 'hospital1@mail.com'}
[2025-02-06 15:48:45] ERROR - Blood bag creation validation failed - Errors: {'blood_bank_email': [ErrorDetail(string='Blood bank is not verified. Current status: PENDING', code='invalid')]}
[2025-02-06 15:48:45] INFO - BloodBagCreateAPIView.create took 3.00ms to execute
[2025-02-06 15:49:13] INFO - Blood bag creation attempt - Data: {'blood_group': 'O+', 'volume_ml': 500.0, 'collection_date': '2023-10-01', 'expiration_date': '2023-12-01', 'barcode': '1234567812', 'donor_email': 'donor1@mail.com', 'blood_bank_email': 'hospital1@mail.com'}
[2025-02-06 15:49:13] INFO - Blood bag created successfully - ID: 1
[2025-02-06 15:49:13] INFO - Stock transaction created - ID: 1, Type: COLLECTION
[2025-02-06 15:49:13] INFO - BloodBagCreateAPIView.create took 13.70ms to execute
[2025-02-06 15:50:25] INFO - Blood bag creation attempt - Data: {'blood_group': 'O+', 'volume_ml': 500.0, 'collection_date': '2023-10-01', 'expiration_date': '2023-12-01', 'barcode': '1234567812', 'donor_email': 'donor1@mail.com', 'blood_bank_email': 'hospital1@mail.com'}
[2025-02-06 15:50:25] INFO - Blood bag created successfully - ID: 2
[2025-02-06 15:50:25] INFO - Stock transaction created - ID: 2, Type: COLLECTION
[2025-02-06 15:50:25] INFO - BloodBagCreateAPIView.create took 11.95ms to execute
[2025-02-06 15:58:24] INFO - Blood bag creation attempt - Data: {'blood_group': 'O+', 'volume_ml': 500.0, 'collection_date': '2023-10-01', 'expiration_date': '2023-12-01', 'barcode': '1234567812', 'donor_email': 'donor1@mail.com', 'blood_bank_email': 'hospital1@mail.com'}
[2025-02-06 15:58:24] ERROR - Blood bag creation validation failed - Errors: {'non_field_errors': [ErrorDetail(string='Got unexpected fields: barcode', code='invalid')]}
[2025-02-06 15:58:24] INFO - BloodBagCreateAPIView.create took 3.52ms to execute
[2025-02-06 15:58:43] INFO - Blood bag creation attempt - Data: {'blood_group': 'O+', 'volume_ml': 500.0, 'collection_date': '2023-10-01', 'expiration_date': '2023-12-01', 'donor_email': 'donor1@mail.com', 'blood_bank_email': 'hospital1@mail.com'}
[2025-02-06 15:58:43] INFO - Blood bag created successfully - ID: 3
[2025-02-06 15:58:43] INFO - Stock transaction created - ID: 3, Type: COLLECTION
[2025-02-06 15:58:43] INFO - BloodBagCreateAPIView.create took 13.39ms to execute
[2025-02-06 16:00:52] INFO - Blood request creation attempt - Data: {'consumer_email': 'consumer2@mail.com', 'blood_bank_email': 'hospital6@mail.com', 'blood_group': 'A+', 'units_required': 1, 'priority': 'URGENT', 'patient_name': 'Dev Patel', 'patient_age': 21, 'patient_gender': 'Male', 'hospital_name': 'City Hospital', 'required_date': '2024-02-01', 'notes': 'Emergency surgery scheduled'}
[2025-02-06 16:01:23] INFO - Blood request creation attempt - Data: {'consumer_email': 'consumer2@mail.com', 'blood_bank_email': 'hospital6@mail.com', 'blood_group': 'A+', 'units_required': 1, 'priority': 'URGENT', 'patient_name': 'Dev Patel', 'patient_age': 21, 'patient_gender': 'Male', 'hospital_name': 'City Hospital', 'required_date': '2024-02-01', 'notes': 'Emergency surgery scheduled'}
[2025-02-06 16:01:23] INFO - Blood request created successfully - ID: 1
[2025-02-06 16:01:23] INFO - BloodRequestCreateView.create took 12.02ms to execute
[2025-02-06 16:02:06] INFO - Blood request creation attempt - Data: {'consumer_email': 'consumer2@mail.com', 'blood_bank_email': 'hospital6@mail.com', 'blood_group': 'A+', 'units_required': 1, 'priority': 'URGENT', 'patient_name': 'Dev Patel', 'patient_age': 21, 'patient_gender': 'Male', 'hospital_name': 'City Hospital', 'required_date': '2024-02-01', 'notes': 'Emergency surgery scheduled', 'status': 'Approved'}
[2025-02-06 16:02:06] ERROR - Blood request creation validation failed - Errors: {'non_field_errors': [ErrorDetail(string='Got unexpected fields: status', code='invalid')]}
[2025-02-06 16:02:06] INFO - BloodRequestCreateView.create took 0.53ms to execute
[2025-02-06 16:02:38] INFO - Blood request creation attempt - Data: {'consumer_email': 'consumer2@mail.com', 'blood_bank_email': 'hospital6@mail.com', 'blood_group': 'AA+', 'units_required': 1, 'priority': 'URGENT', 'patient_name': 'Dev Patel', 'patient_age': 21, 'patient_gender': 'Male', 'hospital_name': 'City Hospital', 'required_date': '2024-02-01', 'notes': 'Emergency surgery scheduled', 'status': 'Approved'}
[2025-02-06 16:02:38] ERROR - Blood request creation validation failed - Errors: {'non_field_errors': [ErrorDetail(string='Got unexpected fields: status', code='invalid')]}
[2025-02-06 16:02:38] INFO - BloodRequestCreateView.create took 0.69ms to execute
[2025-02-06 16:02:51] INFO - Blood request creation attempt - Data: {'consumer_email': 'consumer2@mail.com', 'blood_bank_email': 'hospital6@mail.com', 'blood_group': 'AA+', 'units_required': 1, 'priority': 'URGENT', 'patient_name': 'Dev Patel', 'patient_age': 21, 'patient_gender': 'Male', 'hospital_name': 'City Hospital', 'required_date': '2024-02-01', 'notes': 'Emergency surgery scheduled'}
[2025-02-06 16:02:51] INFO - Blood request created successfully - ID: 2
[2025-02-06 16:02:51] INFO - BloodRequestCreateView.create took 7.77ms to execute
[2025-02-06 16:11:23] INFO - Blood request creation attempt - Data: {'consumer_email': 'consumer2@mail.com', 'blood_bank_email': 'hospital6@mail.com', 'blood_group': 'AA+', 'units_required': 1, 'priority': 'URGENT', 'patient_name': 'Dev Patel', 'patient_age': 21, 'patient_gender': 'Male', 'hospital_name': 'City Hospital', 'required_date': '2024-02-01', 'notes': 'Emergency surgery scheduled'}
[2025-02-06 16:11:23] ERROR - Blood request creation validation failed - Errors: {'blood_group': [ErrorDetail(string='"AA+" is not a valid choice.', code='invalid_choice')]}
[2025-02-06 16:11:23] INFO - BloodRequestCreateView.create took 3.01ms to execute
[2025-02-06 16:15:19] INFO - Blood request creation attempt - Data: {'consumer_email': 'consumer2@mail.com', 'blood_bank_email': 'hospital6@mail.com', 'blood_group': 'A+', 'units_required': 1, 'priority': 'URGENT', 'patient_name': 'Dev Patel', 'patient_age': 21, 'patient_gender': 'Male', 'hospital_name': 'City Hospital', 'required_date': '2024-02-01', 'notes': 'Emergency surgery scheduled'}
[2025-02-06 16:15:19] INFO - Blood request created successfully - ID: 3
[2025-02-06 16:15:19] INFO - BloodRequestCreateView.create took 10.17ms to execute
[2025-02-06 16:15:28] INFO - Blood request creation attempt - Data: {'consumer_email': 'consumer2@mail.com', 'blood_bank_email': 'hospital6@mail.com', 'blood_group': 'A+', 'units_required': -1, 'priority': 'URGENT', 'patient_name': 'Dev Patel', 'patient_age': 21, 'patient_gender': 'Male', 'hospital_name': 'City Hospital', 'required_date': '2024-02-01', 'notes': 'Emergency surgery scheduled'}
[2025-02-06 16:15:28] ERROR - Blood request creation validation failed - Errors: {'units_required': [ErrorDetail(string='Ensure this value is greater than or equal to 0.', code='min_value')]}
[2025-02-06 16:15:28] INFO - BloodRequestCreateView.create took 1.50ms to execute
[2025-02-06 16:18:57] INFO - Blood request creation attempt - Data: {'consumer_email': 'consumer2@mail.com', 'blood_bank_email': 'hospital6@mail.com', 'blood_group': 'A+', 'units_required': 1, 'priority': 'URGENT', 'patient_name': 'Dev Patel', 'patient_age': 21, 'patient_gender': 'Male', 'hospital_name': 'City Hospital', 'required_date': '2024-02-01', 'notes': 'Emergency surgery scheduled'}
[2025-02-06 16:18:57] INFO - Blood request created successfully - ID: 4
[2025-02-06 16:18:57] INFO - BloodRequestCreateView.create took 10.00ms to execute
[2025-02-06 16:19:02] INFO - Blood request creation attempt - Data: {'consumer_email': 'consumer2@mail.com', 'blood_bank_email': 'hospital6@mail.com', 'blood_group': 'AA+', 'units_required': 1, 'priority': 'URGENT', 'patient_name': 'Dev Patel', 'patient_age': 21, 'patient_gender': 'Male', 'hospital_name': 'City Hospital', 'required_date': '2024-02-01', 'notes': 'Emergency surgery scheduled'}
[2025-02-06 16:19:02] ERROR - Blood request creation validation failed - Errors: {'blood_group': [ErrorDetail(string='"AA+" is not a valid choice.', code='invalid_choice')]}
[2025-02-06 16:19:02] INFO - BloodRequestCreateView.create took 0.99ms to execute
